This is pdfTeX, Version 3.141592653-2.6-1.40.29 (TeX Live 2026) (preloaded format=pdflatex 2026.4.6)  14 APR 2026 23:29
entering extended mode
 restricted \write18 enabled.
 %&-line parsing enabled.
**\input ./Rd2.tex
(./Rd2.tex
(/Users/selcuk/Library/TinyTeX/texmf-dist/tex/latex/base/book.cls
Document Class: book 2025/01/22 v1.4n Standard LaTeX document class
(/Users/selcuk/Library/TinyTeX/texmf-dist/tex/latex/base/bk10.clo
File: bk10.clo 2025/01/22 v1.4n Standard LaTeX file (size option)
)
\c@part=\count275
\c@chapter=\count276
\c@section=\count277
\c@subsection=\count278
\c@subsubsection=\count279
\c@paragraph=\count280
\c@subparagraph=\count281
\c@figure=\count282
\c@table=\count283
\abovecaptionskip=\skip49
\belowcaptionskip=\skip50
\bibindent=\dimen150
) (/Library/Frameworks/R.framework/Resources/share/texmf/tex/latex/Rd.sty
Package: Rd 
 (/Users/selcuk/Library/TinyTeX/texmf-dist/tex/latex/base/ifthen.sty
Package: ifthen 2024/03/16 v1.1e Standard LaTeX ifthen package (DPC)
) (/Users/selcuk/Library/TinyTeX/texmf-dist/tex/generic/iftex/iftex.sty
Package: iftex 2024/12/12 v1.0g TeX engine tests
) (/Users/selcuk/Library/TinyTeX/texmf-dist/tex/latex/tools/longtable.sty
Package: longtable 2025-10-13 v4.24 Multi-page Table package (DPC)
\LTleft=\skip51
\LTright=\skip52
\LTpre=\skip53
\LTpost=\skip54
\LTchunksize=\count284
\LTcapwidth=\dimen151
\LT@head=\box53
\LT@firsthead=\box54
\LT@foot=\box55
\LT@lastfoot=\box56
\LT@gbox=\box57
\LT@cols=\count285
\LT@rows=\count286
\c@LT@tables=\count287
\c@LT@chunks=\count288
\LT@p@ftn=\toks17
) (/Users/selcuk/Library/TinyTeX/texmf-dist/tex/latex/tools/bm.sty
Package: bm 2025/10/21 v1.2g Bold Symbol Support (DPC/FMi)
\symboldoperators=\mathgroup4
\symboldletters=\mathgroup5
\symboldsymbols=\mathgroup6
Package bm Info: No bold for \OMX/cmex/m/n, using \pmb.
LaTeX Font Info:    Redeclaring math alphabet \mathbf on input line 149.
) (/Users/selcuk/Library/TinyTeX/texmf-dist/tex/latex/base/alltt.sty
Package: alltt 2024/07/07 v2.0g defines alltt environment
) (/Users/selcuk/Library/TinyTeX/texmf-dist/tex/latex/tools/verbatim.sty
Package: verbatim 2024-01-22 v1.5x LaTeX2e package for verbatim enhancements
\every@verbatim=\toks18
\verbatim@line=\toks19
\verbatim@in@stream=\read2
) (/Users/selcuk/Library/TinyTeX/texmf-dist/tex/latex/url/url.sty
\Urlmuskip=\muskip17
Package: url 2013/09/16  ver 3.4  Verb mode for urls, etc.
) (/Users/selcuk/Library/TinyTeX/texmf-dist/tex/latex/base/textcomp.sty
Package: textcomp 2024/04/24 v2.1b Standard LaTeX package
) (/Users/selcuk/Library/TinyTeX/texmf-dist/tex/latex/amsmath/amsmath.sty
Package: amsmath 2025/07/09 v2.17z AMS math features
\@mathmargin=\skip55

For additional information on amsmath, use the `?' option.
(/Users/selcuk/Library/TinyTeX/texmf-dist/tex/latex/amsmath/amstext.sty
Package: amstext 2024/11/17 v2.01 AMS text
 (/Users/selcuk/Library/TinyTeX/texmf-dist/tex/latex/amsmath/amsgen.sty
File: amsgen.sty 1999/11/30 v2.0 generic functions
\@emptytoks=\toks20
\ex@=\dimen152
)) (/Users/selcuk/Library/TinyTeX/texmf-dist/tex/latex/amsmath/amsbsy.sty
Package: amsbsy 1999/11/29 v1.2d Bold Symbols
LaTeX Info: Redefining \boldsymbol on input line 28.
\pmbraise@=\dimen153
) (/Users/selcuk/Library/TinyTeX/texmf-dist/tex/latex/amsmath/amsopn.sty
Package: amsopn 2022/04/08 v2.04 operator names
)
\inf@bad=\count289
LaTeX Info: Redefining \frac on input line 233.
\uproot@=\count290
\leftroot@=\count291
LaTeX Info: Redefining \overline on input line 398.
LaTeX Info: Redefining \colon on input line 409.
\classnum@=\count292
\DOTSCASE@=\count293
LaTeX Info: Redefining \ldots on input line 495.
LaTeX Info: Redefining \dots on input line 498.
LaTeX Info: Redefining \cdots on input line 619.
\Mathstrutbox@=\box58
\strutbox@=\box59
LaTeX Info: Redefining \big on input line 721.
LaTeX Info: Redefining \Big on input line 722.
LaTeX Info: Redefining \bigg on input line 723.
LaTeX Info: Redefining \Bigg on input line 724.
\big@size=\dimen154
LaTeX Font Info:    Redeclaring font encoding OML on input line 742.
LaTeX Font Info:    Redeclaring font encoding OMS on input line 743.
\macc@depth=\count294
LaTeX Info: Redefining \bmod on input line 904.
LaTeX Info: Redefining \pmod on input line 909.
LaTeX Info: Redefining \smash on input line 939.
LaTeX Info: Redefining \relbar on input line 969.
LaTeX Info: Redefining \Relbar on input line 970.
\c@MaxMatrixCols=\count295
\dotsspace@=\muskip18
\c@parentequation=\count296
\dspbrk@lvl=\count297
\tag@help=\toks21
\row@=\count298
\column@=\count299
\maxfields@=\count300
\andhelp@=\toks22
\eqnshift@=\dimen155
\alignsep@=\dimen156
\tagshift@=\dimen157
\tagwidth@=\dimen158
\totwidth@=\dimen159
\lineht@=\dimen160
\@envbody=\toks23
\multlinegap=\skip56
\multlinetaggap=\skip57
\mathdisplay@stack=\toks24
LaTeX Info: Redefining \[ on input line 2950.
LaTeX Info: Redefining \] on input line 2951.
) (/Users/selcuk/Library/TinyTeX/texmf-dist/tex/latex/amsfonts/amsfonts.sty
Package: amsfonts 2013/01/14 v3.01 Basic AMSFonts support
\symAMSa=\mathgroup7
\symAMSb=\mathgroup8
LaTeX Font Info:    Redeclaring math symbol \hbar on input line 98.
LaTeX Font Info:    Overwriting math alphabet `\mathfrak' in version `bold'
(Font)                  U/euf/m/n --> U/euf/b/n on input line 106.
) (/Users/selcuk/Library/TinyTeX/texmf-dist/tex/latex/amsfonts/amssymb.sty
Package: amssymb 2013/01/14 v3.01 AMS font symbols
) (/Users/selcuk/Library/TinyTeX/texmf-dist/tex/latex/amsfonts/eucal.sty
Package: eucal 2009/06/22 v3.00 Euler Script fonts
LaTeX Font Info:    Overwriting math alphabet `\EuScript' in version `bold'
(Font)                  U/eus/m/n --> U/eus/b/n on input line 33.
)
\ldescriptionwidth=\skip58
 (/Users/selcuk/Library/TinyTeX/texmf-dist/tex/latex/base/fontenc.sty
Package: fontenc 2025/07/18 v2.1d Standard LaTeX package
) (/Users/selcuk/Library/TinyTeX/texmf-dist/tex/latex/psnfss/times.sty
Package: times 2020/03/25 PSNFSS-v9.3 (SPQR) 
) (/Users/selcuk/Library/TinyTeX/texmf-dist/tex/latex/inconsolata/zi4.sty
Package: zi4 2019/05/17 v1.12
 `inconsolata-zi4' v1.12, 2019/05/17 Text macros for Inconsolata (msharpe) (/Users/selcuk/Library/TinyTeX/texmf-dist/tex/latex/xkeyval/xkeyval.sty
Package: xkeyval 2025/11/04 v2.10 package option processing (HA)
 (/Users/selcuk/Library/TinyTeX/texmf-dist/tex/generic/xkeyval/xkeyval.tex (/Users/selcuk/Library/TinyTeX/texmf-dist/tex/generic/xkeyval/xkvutils.tex
\XKV@toks=\toks25
\XKV@tempa@toks=\toks26
\XKV@tempb@toks=\toks27
 (/Users/selcuk/Library/TinyTeX/texmf-dist/tex/generic/xkeyval/keyval.tex))
\XKV@depth=\count301
File: xkeyval.tex 2014/12/03 v2.7a key=value parser (HA)
))
\zifour@ocount=\count302
) (/Users/selcuk/Library/TinyTeX/texmf-dist/tex/latex/graphics/color.sty
Package: color 2025/01/14 v1.3e Standard LaTeX Color (DPC)
 (/Users/selcuk/Library/TinyTeX/texmf-dist/tex/latex/graphics-cfg/color.cfg
File: color.cfg 2016/01/02 v1.6 sample color configuration
)
Package color Info: Driver file: pdftex.def on input line 149.
 (/Users/selcuk/Library/TinyTeX/texmf-dist/tex/latex/graphics-def/pdftex.def
File: pdftex.def 2025/09/29 v1.2d Graphics/color driver for pdftex
) (/Users/selcuk/Library/TinyTeX/texmf-dist/tex/latex/graphics/mathcolor.ltx)) (/Users/selcuk/Library/TinyTeX/texmf-dist/tex/latex/hyperref/hyperref.sty
Package: hyperref 2026-01-29 v7.01p Hypertext links for LaTeX
 (/Users/selcuk/Library/TinyTeX/texmf-dist/tex/latex/kvsetkeys/kvsetkeys.sty
Package: kvsetkeys 2022-10-05 v1.19 Key value parser (HO)
) (/Users/selcuk/Library/TinyTeX/texmf-dist/tex/generic/kvdefinekeys/kvdefinekeys.sty
Package: kvdefinekeys 2019-12-19 v1.6 Define keys (HO)
) (/Users/selcuk/Library/TinyTeX/texmf-dist/tex/generic/pdfescape/pdfescape.sty
Package: pdfescape 2019/12/09 v1.15 Implements pdfTeX's escape features (HO)
 (/Users/selcuk/Library/TinyTeX/texmf-dist/tex/generic/ltxcmds/ltxcmds.sty
Package: ltxcmds 2023-12-04 v1.26 LaTeX kernel commands for general use (HO)
) (/Users/selcuk/Library/TinyTeX/texmf-dist/tex/generic/pdftexcmds/pdftexcmds.sty
Package: pdftexcmds 2020-06-27 v0.33 Utility functions of pdfTeX for LuaTeX (HO)
 (/Users/selcuk/Library/TinyTeX/texmf-dist/tex/generic/infwarerr/infwarerr.sty
Package: infwarerr 2019/12/03 v1.5 Providing info/warning/error messages (HO)
)
Package pdftexcmds Info: \pdf@primitive is available.
Package pdftexcmds Info: \pdf@ifprimitive is available.
Package pdftexcmds Info: \pdfdraftmode found.
)) (/Users/selcuk/Library/TinyTeX/texmf-dist/tex/latex/hycolor/hycolor.sty
Package: hycolor 2020-01-27 v1.10 Color options for hyperref/bookmark (HO)
) (/Users/selcuk/Library/TinyTeX/texmf-dist/tex/latex/hyperref/nameref.sty
Package: nameref 2026-01-29 v2.58 Cross-referencing by name of section
 (/Users/selcuk/Library/TinyTeX/texmf-dist/tex/latex/refcount/refcount.sty
Package: refcount 2019/12/15 v3.6 Data extraction from label references (HO)
) (/Users/selcuk/Library/TinyTeX/texmf-dist/tex/generic/gettitlestring/gettitlestring.sty
Package: gettitlestring 2019/12/15 v1.6 Cleanup title references (HO)
 (/Users/selcuk/Library/TinyTeX/texmf-dist/tex/latex/kvoptions/kvoptions.sty
Package: kvoptions 2022-06-15 v3.15 Key value format for package options (HO)
))
\c@section@level=\count303
) (/Users/selcuk/Library/TinyTeX/texmf-dist/tex/latex/etoolbox/etoolbox.sty
Package: etoolbox 2025/10/02 v2.5m e-TeX tools for LaTeX (JAW)
\etb@tempcnta=\count304
) (/Users/selcuk/Library/TinyTeX/texmf-dist/tex/generic/stringenc/stringenc.sty
Package: stringenc 2019/11/29 v1.12 Convert strings between diff. encodings (HO)
)
\@linkdim=\dimen161
\Hy@linkcounter=\count305
\Hy@pagecounter=\count306
 (/Users/selcuk/Library/TinyTeX/texmf-dist/tex/latex/hyperref/pd1enc.def
File: pd1enc.def 2026-01-29 v7.01p Hyperref: PDFDocEncoding definition (HO)
Now handling font encoding PD1 ...
... no UTF-8 mapping file for font encoding PD1
) (/Users/selcuk/Library/TinyTeX/texmf-dist/tex/generic/intcalc/intcalc.sty
Package: intcalc 2019/12/15 v1.3 Expandable calculations with integers (HO)
)
\Hy@SavedSpaceFactor=\count307
 (/Users/selcuk/Library/TinyTeX/texmf-dist/tex/latex/hyperref/puenc.def
File: puenc.def 2026-01-29 v7.01p Hyperref: PDF Unicode definition (HO)
Now handling font encoding PU ...
... no UTF-8 mapping file for font encoding PU
)
Package hyperref Info: Hyper figures OFF on input line 4201.
Package hyperref Info: Link nesting OFF on input line 4206.
Package hyperref Info: Hyper index ON on input line 4209.
Package hyperref Info: Plain pages OFF on input line 4216.
Package hyperref Info: Backreferencing OFF on input line 4221.
Package hyperref Info: Implicit mode ON; LaTeX internals redefined.
Package hyperref Info: Bookmarks ON on input line 4468.
\c@Hy@tempcnt=\count308
LaTeX Info: Redefining \url on input line 4807.
\XeTeXLinkMargin=\dimen162
 (/Users/selcuk/Library/TinyTeX/texmf-dist/tex/generic/bitset/bitset.sty
Package: bitset 2019/12/09 v1.3 Handle bit-vector datatype (HO)
 (/Users/selcuk/Library/TinyTeX/texmf-dist/tex/generic/bigintcalc/bigintcalc.sty
Package: bigintcalc 2019/12/15 v1.5 Expandable calculations on big integers (HO)
))
\Fld@menulength=\count309
\Field@Width=\dimen163
\Fld@charsize=\dimen164
Package hyperref Info: Hyper figures OFF on input line 6084.
Package hyperref Info: Link nesting OFF on input line 6089.
Package hyperref Info: Hyper index ON on input line 6092.
Package hyperref Info: backreferencing OFF on input line 6099.
Package hyperref Info: Link coloring OFF on input line 6104.
Package hyperref Info: Link coloring with OCG OFF on input line 6109.
Package hyperref Info: PDF/A mode OFF on input line 6114.
\Hy@abspage=\count310
\c@Item=\count311
\c@Hfootnote=\count312
)
Package hyperref Info: Driver (autodetected): hpdftex.
 (/Users/selcuk/Library/TinyTeX/texmf-dist/tex/latex/hyperref/hpdftex.def
File: hpdftex.def 2026-01-29 v7.01p Hyperref driver for pdfTeX
\Fld@listcount=\count313
\c@bookmark@seq@number=\count314
 (/Users/selcuk/Library/TinyTeX/texmf-dist/tex/latex/rerunfilecheck/rerunfilecheck.sty
Package: rerunfilecheck 2025-06-21 v1.11 Rerun checks for auxiliary files (HO)
 (/Users/selcuk/Library/TinyTeX/texmf-dist/tex/generic/uniquecounter/uniquecounter.sty
Package: uniquecounter 2019/12/15 v1.4 Provide unlimited unique counter (HO)
)
Package uniquecounter Info: New unique counter `rerunfilecheck' on input line 284.
)
\Hy@SectionHShift=\skip59
)
Package hyperref Info: Option `colorlinks' set `true' on input line 413.
Package hyperref Info: Option `linktocpage' set `true' on input line 413.
Package hyperref Info: Option `plainpages' set `false' on input line 413.
LaTeX Encoding Info:    Ignoring declaration for text command \textdegree (encoding ?) on input line 462.
LaTeX Encoding Info:    Ignoring declaration for text command \textonehalf (encoding ?) on input line 463.
LaTeX Encoding Info:    Ignoring declaration for text command \textonequarter (encoding ?) on input line 464.
LaTeX Encoding Info:    Ignoring declaration for text command \textthreequarters (encoding ?) on input line 465.
LaTeX Encoding Info:    Ignoring declaration for text command \textcent (encoding ?) on input line 466.
LaTeX Encoding Info:    Ignoring declaration for text command \textyen (encoding ?) on input line 467.
LaTeX Encoding Info:    Ignoring declaration for text command \textcurrency (encoding ?) on input line 468.
LaTeX Encoding Info:    Ignoring declaration for text command \textbrokenbar (encoding ?) on input line 469.
LaTeX Encoding Info:    Ignoring declaration for text command \texteuro (encoding ?) on input line 470.
) (/Users/selcuk/Library/TinyTeX/texmf-dist/tex/latex/base/makeidx.sty
Package: makeidx 2021/10/04 v1.0m Standard LaTeX package
)
\@indexfile=\write3
\openout3 = `Rd2.idx'.


Writing index file Rd2.idx
LaTeX Font Info:    Trying to load font information for T1+ptm on input line 8.
(/Users/selcuk/Library/TinyTeX/texmf-dist/tex/latex/psnfss/t1ptm.fd
File: t1ptm.fd 2001/06/04 font definitions for T1/ptm.
) (/Users/selcuk/Library/TinyTeX/texmf-dist/tex/latex/l3backend/l3backend-pdftex.def
File: l3backend-pdftex.def 2026-02-18 L3 backend support: PDF output (pdfTeX)
\l__color_backend_stack_int=\count315
) (/private/var/folders/dj/y28dp44x303ggfg6rg8n2v0h0000gn/T/RtmpyxCrF9/Rd2pdf17cb531cea955/Rd2.aux)
\openout1 = `Rd2.aux'.

LaTeX Font Info:    Checking defaults for OML/cmm/m/it on input line 8.
LaTeX Font Info:    ... okay on input line 8.
LaTeX Font Info:    Checking defaults for OMS/cmsy/m/n on input line 8.
LaTeX Font Info:    ... okay on input line 8.
LaTeX Font Info:    Checking defaults for OT1/cmr/m/n on input line 8.
LaTeX Font Info:    ... okay on input line 8.
LaTeX Font Info:    Checking defaults for T1/cmr/m/n on input line 8.
LaTeX Font Info:    ... okay on input line 8.
LaTeX Font Info:    Checking defaults for TS1/cmr/m/n on input line 8.
LaTeX Font Info:    ... okay on input line 8.
LaTeX Font Info:    Checking defaults for OMX/cmex/m/n on input line 8.
LaTeX Font Info:    ... okay on input line 8.
LaTeX Font Info:    Checking defaults for U/cmr/m/n on input line 8.
LaTeX Font Info:    ... okay on input line 8.
LaTeX Font Info:    Checking defaults for PD1/pdf/m/n on input line 8.
LaTeX Font Info:    ... okay on input line 8.
LaTeX Font Info:    Checking defaults for PU/pdf/m/n on input line 8.
LaTeX Font Info:    ... okay on input line 8.
Package hyperref Info: Link coloring ON on input line 8.
 (/private/var/folders/dj/y28dp44x303ggfg6rg8n2v0h0000gn/T/RtmpyxCrF9/Rd2pdf17cb531cea955/Rd2.out) (/private/var/folders/dj/y28dp44x303ggfg6rg8n2v0h0000gn/T/RtmpyxCrF9/Rd2pdf17cb531cea955/Rd2.out)
\@outlinefile=\write4
\openout4 = `Rd2.out'.

LaTeX Font Info:    Trying to load font information for T1+zi4 on input line 38.
 (/Users/selcuk/Library/TinyTeX/texmf-dist/tex/latex/inconsolata/t1zi4.fd
File: t1zi4.fd 2018/01/14 T1/zi4 (Inconsolata)
)
LaTeX Font Info:    Font shape `T1/zi4/m/n' will be
(Font)              scaled to size 10.0pt on input line 38.
LaTeX Font Info:    Trying to load font information for U+msa on input line 38.
 (/Users/selcuk/Library/TinyTeX/texmf-dist/tex/latex/amsfonts/umsa.fd
File: umsa.fd 2013/01/14 v3.01 AMS symbols A
)
LaTeX Font Info:    Trying to load font information for U+msb on input line 38.
 (/Users/selcuk/Library/TinyTeX/texmf-dist/tex/latex/amsfonts/umsb.fd
File: umsb.fd 2013/01/14 v3.01 AMS symbols B
) (/private/var/folders/dj/y28dp44x303ggfg6rg8n2v0h0000gn/T/RtmpyxCrF9/Rd2pdf17cb531cea955/Rd2.toc)
\tf@toc=\write5
\openout5 = `Rd2.toc'.

 [1


{/Users/selcuk/Library/TinyTeX/texmf-var/fonts/map/pdftex/updmap/pdftex.map}{/Users/selcuk/Library/TinyTeX/texmf-dist/fonts/enc/dvips/base/8r.enc}{/Users/selcuk/Library/TinyTeX/texmf-dist/fonts/enc/dvips/inconsolata/i4-t1-0.enc}]
Overfull \hbox (46.01753pt too wide) in paragraph at lines 92--98
[]\T1/ptm/m/n/10 The trans-la-tion layer al-ways pro-duces canon-i-cal sample-level columns in-clud-ing []\T1/zi4/m/n/10 sample_id[]\T1/ptm/m/n/10 , []\T1/zi4/m/n/10 sample_node_id[]\T1/ptm/m/n/10 ,
 []


Overfull \hbox (37.54942pt too wide) in paragraph at lines 92--98
[]\T1/zi4/m/n/10 group_id[]\T1/ptm/m/n/10 , and []\T1/zi4/m/n/10 primary_group[]\T1/ptm/m/n/10 . When avail-able, it also car-ries []\T1/zi4/m/n/10 batch_group[]\T1/ptm/m/n/10 , []\T1/zi4/m/n/10 study_group[]\T1/ptm/m/n/10 , []\T1/zi4/m/n/10 timepoint_id[]\T1/ptm/m/n/10 ,
 []

LaTeX Font Info:    Trying to load font information for TS1+ptm on input line 107.
(/Users/selcuk/Library/TinyTeX/texmf-dist/tex/latex/psnfss/ts1ptm.fd
File: ts1ptm.fd 2001/06/04 font definitions for TS1/ptm.
) [2]
Overfull \hbox (23.50018pt too wide) in paragraph at lines 131--134
[]\T1/zi4/m/n/10 as_split_spec() []\T1/ptm/m/n/10 re-turns a []\T1/zi4/m/n/10 split_spec[]\T1/ptm/m/n/10 . []\T1/zi4/m/n/10 validate_split_spec() []\T1/ptm/m/n/10 re-turns a []\T1/zi4/m/n/10 split_spec_validation[]\T1/ptm/m/n/10 .
 []


Overfull \hbox (53.08014pt too wide) in paragraph at lines 148--148
 []\T1/zi4/m/n/10 build_dependency_graph(nodes, edges, graph_name = NULL, dataset_name = NULL, validate = TRUE, 
 []


Overfull \hbox (13.08014pt too wide) in paragraph at lines 151--151
 []\T1/zi4/m/n/10 build_depgraph(nodes, edges, graph_name = NULL, dataset_name = NULL, validate = TRUE,[] 
 []


Overfull \hbox (28.09036pt too wide) in paragraph at lines 154--154
 []\T1/zi4/m/n/10 validate_graph(graph, checks = c("ids", "references", "cardinality", "schema", "time"),[] 
 []


Overfull \hbox (43.09036pt too wide) in paragraph at lines 157--157
 []\T1/zi4/m/n/10 validate_depgraph(graph, checks = c("ids", "references", "cardinality", "schema", "time"),[] 
 []

[3]
Overfull \hbox (48.06088pt too wide) in paragraph at lines 180--184
[]\T1/ptm/m/n/10 For []\T1/zi4/m/n/10 build_dependency_graph()[]\T1/ptm/m/n/10 , a []\T1/zi4/m/n/10 dependency_graph[]\T1/ptm/m/n/10 . For []\T1/zi4/m/n/10 validate_graph() []\T1/ptm/m/n/10 and []\T1/zi4/m/n/10 validate_depgraph()[]\T1/ptm/m/n/10 ,
 []

LaTeX Font Info:    Font shape `T1/zi4/m/n' will be
(Font)              scaled to size 9.0pt on input line 187.
[4]
Overfull \hbox (71.39984pt too wide) in paragraph at lines 217--217
 []\T1/zi4/m/n/10 create_nodes(data, type, id_col, label_col = NULL, attr_cols = NULL, prefix = TRUE, dedupe = TRUE) 
 []


Overfull \hbox (11.42029pt too wide) in paragraph at lines 219--219
 []\T1/zi4/m/n/10 create_edges(data, from_col, to_col, from_type, to_type, relation, attr_cols = NULL,[] 
 []

[5] [6]
Overfull \hbox (17.15968pt too wide) in paragraph at lines 354--359
[]\T1/ptm/m/n/10 Groups sam-ples by the tar-get of []\T1/zi4/m/n/10 sample_collected_at_timepoint[]\T1/ptm/m/n/10 . When []\T1/zi4/m/n/10 Timepoint
 []


Overfull \hbox (3.43857pt too wide) in paragraph at lines 360--364
[]\T1/ptm/m/n/10 Projects the se-lected de-pen-dency re-la-tions onto a sam-
 []


Overfull \hbox (1.95738pt too wide) in paragraph at lines 365--369
\T1/ptm/m/n/10 is-tic pri-or-ity or-der and groups each sam-ple by the highest-priority avail-able de-pen-dency source.
 []

[7]
Overfull \hbox (25.58987pt too wide) in paragraph at lines 373--378
[]\T1/ptm/m/n/10 The re-turned []\T1/zi4/m/n/10 split_constraint$sample_map []\T1/ptm/m/n/10 al-ways con-tains []\T1/zi4/m/n/10 sample_id[]\T1/ptm/m/n/10 , []\T1/zi4/m/n/10 sample_node_id[]\T1/ptm/m/n/10 , []\T1/zi4/m/n/10 group_id[]\T1/ptm/m/n/10 ,
 []


Overfull \hbox (17.2492pt too wide) in paragraph at lines 373--378
[]\T1/zi4/m/n/10 constraint_type[]\T1/ptm/m/n/10 , []\T1/zi4/m/n/10 group_label[]\T1/ptm/m/n/10 , and []\T1/zi4/m/n/10 explanation[]\T1/ptm/m/n/10 . Time-aware con-straints also in-clude []\T1/zi4/m/n/10 time_index[]\T1/ptm/m/n/10 ,
 []


Overfull \hbox (26.42029pt too wide) in paragraph at lines 407--407
 []\T1/zi4/m/n/10 graph_node_set(data = NULL, schema_version = .depgraph_schema_version, source = list()) 
 []


Overfull \hbox (26.42029pt too wide) in paragraph at lines 409--409
 []\T1/zi4/m/n/10 graph_edge_set(data = NULL, schema_version = .depgraph_schema_version, source = list())[] 
 []


Overfull \hbox (46.42029pt too wide) in paragraph at lines 413--413
 []\T1/zi4/m/n/10 new_depgraph_nodes(data = NULL, schema_version = .depgraph_schema_version, source = list())[] 
 []


Overfull \hbox (46.42029pt too wide) in paragraph at lines 415--415
 []\T1/zi4/m/n/10 new_depgraph_edges(data = NULL, schema_version = .depgraph_schema_version, source = list())[] 
 []


Overfull \hbox (116.38962pt too wide) in paragraph at lines 419--419
 []\T1/zi4/m/n/10 graph_query_result(query = "", params = list(), nodes = NULL, edges = NULL, table = NULL, metadata = list())[] 
 []


Overfull \hbox (101.42029pt too wide) in paragraph at lines 421--421
 []\T1/zi4/m/n/10 dependency_constraint(constraint_id, relation_types, sample_map, transitive = TRUE, metadata = list())[] 
 []


Overfull \hbox (68.09036pt too wide) in paragraph at lines 423--423
 []\T1/zi4/m/n/10 split_constraint(strategy, sample_map, recommended_downstream_args = list(), metadata = list())[] 
 []


Overfull \hbox (161.41006pt too wide) in paragraph at lines 425--425
 []\T1/zi4/m/n/10 leakage_constraint(issue_type, severity, affected_samples, evidence = NULL, recommendation = "", metadata = list())[] 
 []

[8] [9]
Overfull \hbox (18.08014pt too wide) in paragraph at lines 512--512
 []  \T1/zi4/m/n/10 via = c("Subject", "Batch", "Study", "Timepoint", "Assay", "FeatureSet", "Outcome"),[] 
 []

[10]
No file Rd2.ind.
[11] (/private/var/folders/dj/y28dp44x303ggfg6rg8n2v0h0000gn/T/RtmpyxCrF9/Rd2pdf17cb531cea955/Rd2.aux)
 ***********
LaTeX2e <2025-11-01>
L3 programming layer <2026-03-20>
 ***********
Package rerunfilecheck Info: File `Rd2.out' has not changed.
(rerunfilecheck)             Checksum: 7F347C541831F31BAD33ED2A6486D0F6;1411.
 ) 
Here is how much of TeX's memory you used:
 10373 strings out of 469339
 158086 string characters out of 5465691
 570166 words of memory out of 5000000
 38946 multiletter control sequences out of 15000+600000
 659986 words of font info for 79 fonts, out of 8000000 for 9000
 14 hyphenation exceptions out of 8191
 92i,5n,95p,288b,780s stack positions out of 10000i,1000n,20000p,200000b,200000s
</Users/selcuk/Library/TinyTeX/texmf-dist/fonts/type1/public/inconsolata/Inconsolata-zi4r.pfb></Users/selcuk/Library/TinyTeX/texmf-dist/fonts/type1/urw/times/utmb8a.pfb></Users/selcuk/Library/TinyTeX/texmf-dist/fonts/type1/urw/times/utmr8a.pfb></Users/selcuk/Library/TinyTeX/texmf-dist/fonts/type1/urw/times/utmr8a.pfb></Users/selcuk/Library/TinyTeX/texmf-dist/fonts/type1/urw/times/utmri8a.pfb>
Output written on Rd2.pdf (11 pages, 99011 bytes).
PDF statistics:
 230 PDF objects out of 1000 (max. 8388607)
 204 compressed objects within 3 object streams
 99 named destinations out of 1000 (max. 500000)
 73 words of extra memory for PDF output out of 10000 (max. 10000000)

